<?xml version="1.0" encoding="UTF-8"?>
<!-- Generated by org.testng.reporters.JUnitReportReporter -->
<testsuite skipped="0" hostname="DESKTOP-BC5ENC1" name="com.Vtiger.OrganitionTest.LoginWithPropertyFileAndFetchDataFromExcelAndCreateOrganizationAndHandleDropDownTest" tests="1" failures="0" timestamp="2022-05-18T00:40:29 PDT" time="51.334" errors="0">
  <testcase name="loginWithPropertyFileAndFetchDataFromExcelAndCreateOrganizationAndHandleDropDownTest" time="51.334" classname="com.Vtiger.OrganitionTest.LoginWithPropertyFileAndFetchDataFromExcelAndCreateOrganizationAndHandleDropDownTest"/>
  <system-out/>
</testsuite> <!-- com.Vtiger.OrganitionTest.LoginWithPropertyFileAndFetchDataFromExcelAndCreateOrganizationAndHandleDropDownTest -->
