<?xml version="1.0" encoding="UTF-8"?>
<!-- Generated by org.testng.reporters.JUnitReportReporter -->
<testsuite skipped="0" hostname="DESKTOP-BC5ENC1" name="com.Vtiger.Practice.PracticeTestNGTest" tests="14" failures="0" timestamp="2022-05-17T05:10:05 PDT" time="0.109" errors="0">
  <testcase name="practiceTestNGTest2" time="0.007" classname="com.Vtiger.Practice.PracticeTestNGTest"/>
  <system-out>
    <![CDATA[admin3----------->admin3]]>
  </system-out>
  <testcase name="practiceTestNGTest2" time="0.015" classname="com.Vtiger.Practice.PracticeTestNGTest"/>
  <system-out>
    <![CDATA[admin4----------->admin4]]>
  </system-out>
  <testcase name="practiceTestNGTest2" time="0.004" classname="com.Vtiger.Practice.PracticeTestNGTest"/>
  <system-out>
    <![CDATA[admin2----------->admin2]]>
  </system-out>
  <testcase name="practiceTestNGTest2" time="0.004" classname="com.Vtiger.Practice.PracticeTestNGTest"/>
  <system-out>
    <![CDATA[username----------->password]]>
  </system-out>
  <testcase name="practiceTestNGTest2" time="0.003" classname="com.Vtiger.Practice.PracticeTestNGTest"/>
  <system-out>
    <![CDATA[admin12----------->admin12]]>
  </system-out>
  <testcase name="practiceTestNGTest2" time="0.004" classname="com.Vtiger.Practice.PracticeTestNGTest"/>
  <system-out>
    <![CDATA[admin5----------->admin5]]>
  </system-out>
  <testcase name="practiceTestNGTest2" time="0.002" classname="com.Vtiger.Practice.PracticeTestNGTest"/>
  <system-out>
    <![CDATA[admin11----------->admin11]]>
  </system-out>
  <testcase name="practiceTestNGTest2" time="0.007" classname="com.Vtiger.Practice.PracticeTestNGTest"/>
  <system-out>
    <![CDATA[admin7----------->admin7]]>
  </system-out>
  <testcase name="practiceTestNGTest2" time="0.003" classname="com.Vtiger.Practice.PracticeTestNGTest"/>
  <system-out>
    <![CDATA[admin9----------->admin9]]>
  </system-out>
  <testcase name="practiceTestNGTest2" time="0.009" classname="com.Vtiger.Practice.PracticeTestNGTest"/>
  <system-out>
    <![CDATA[admin6----------->admin6]]>
  </system-out>
  <testcase name="practiceTestNGTest2" time="0.011" classname="com.Vtiger.Practice.PracticeTestNGTest"/>
  <system-out>
    <![CDATA[admin8----------->admin8]]>
  </system-out>
  <testcase name="practiceTestNGTest2" time="0.007" classname="com.Vtiger.Practice.PracticeTestNGTest"/>
  <system-out>
    <![CDATA[admin10----------->admin10]]>
  </system-out>
  <testcase name="practiceTestNGTest13" time="0.029" classname="com.Vtiger.Practice.PracticeTestNGTest"/>
  <system-out>
    <![CDATA[testcase1]]>
  </system-out>
  <testcase name="practiceTestNGTest2" time="0.004" classname="com.Vtiger.Practice.PracticeTestNGTest"/>
  <system-out>
    <![CDATA[admin1----------->admin1]]>
  </system-out>
</testsuite> <!-- com.Vtiger.Practice.PracticeTestNGTest -->
