<?xml version="1.0" encoding="UTF-8"?>
<!-- Generated by org.testng.reporters.JUnitReportReporter -->
<testsuite skipped="0" hostname="DESKTOP-BC5ENC1" name="com.testCasesForContactsModuleTest.Tc_15_editContctTest" tests="1" failures="0" timestamp="2022-05-18T22:11:09 PDT" time="54.233" errors="0">
  <testcase name="tc_viger_15_editContactTest" time="54.233" classname="com.testCasesForContactsModuleTest.Tc_15_editContctTest"/>
  <system-out/>
</testsuite> <!-- com.testCasesForContactsModuleTest.Tc_15_editContctTest -->
