<?xml version="1.0" encoding="UTF-8"?>
<!-- Generated by org.testng.reporters.JUnitReportReporter -->
<testsuite skipped="0" hostname="DESKTOP-BC5ENC1" name="com.Vtiger.OrganitionTest.CreateOrganizationTest" tests="1" failures="0" timestamp="2022-05-23T22:44:28 PDT" time="69.684" errors="0">
  <testcase name="createOrganizationTest" time="69.684" classname="com.Vtiger.OrganitionTest.CreateOrganizationTest"/>
  <system-out/>
</testsuite> <!-- com.Vtiger.OrganitionTest.CreateOrganizationTest -->
