<?xml version="1.0" encoding="UTF-8"?>
<!-- Generated by org.testng.reporters.JUnitReportReporter -->
<testsuite skipped="0" hostname="DESKTOP-BC5ENC1" name="com.testCasesForContactsModuleTest.Tc_11_createContactTest" tests="1" failures="0" timestamp="2022-05-18T22:11:09 PDT" time="59.910" errors="0">
  <testcase name="tc_vtiger_createcontct_11_Test" time="59.910" classname="com.testCasesForContactsModuleTest.Tc_11_createContactTest"/>
  <system-out/>
</testsuite> <!-- com.testCasesForContactsModuleTest.Tc_11_createContactTest -->
