<?xml version="1.0" encoding="UTF-8"?>
<!-- Generated by org.testng.reporters.JUnitReportReporter -->
<testsuite skipped="0" hostname="DESKTOP-BC5ENC1" name="com.Vtiger.CampainsTest.GetDataFromPropertyFileAndOrganizationTest" tests="1" failures="0" timestamp="2022-05-18T00:40:29 PDT" time="49.482" errors="0">
  <testcase name="getDataFromPropertyFileAndOrganizationTest" time="49.482" classname="com.Vtiger.CampainsTest.GetDataFromPropertyFileAndOrganizationTest"/>
  <system-out/>
</testsuite> <!-- com.Vtiger.CampainsTest.GetDataFromPropertyFileAndOrganizationTest -->
