<?xml version="1.0" encoding="UTF-8"?>
<!-- Generated by org.testng.reporters.JUnitReportReporter -->
<testsuite skipped="0" hostname="DESKTOP-BC5ENC1" name="com.testCasesForContactsModuleTest.tc_11_Test" tests="2" failures="0" timestamp="2022-05-18T00:08:22 PDT" time="111.687" errors="0">
  <testcase name="tc_vtiger_11_Test" time="56.452" classname="com.testCasesForContactsModuleTest.tc_11_Test"/>
  <system-out/>
  <testcase name="tc_vtiger_11_Test" time="55.235" classname="com.testCasesForContactsModuleTest.tc_11_Test"/>
  <system-out/>
</testsuite> <!-- com.testCasesForContactsModuleTest.tc_11_Test -->
