<?xml version="1.0" encoding="UTF-8"?>
<!-- Generated by org.testng.reporters.JUnitReportReporter -->
<testsuite skipped="0" hostname="DESKTOP-BC5ENC1" name="com.Vtiger.ContactsTest.GetDataFromPropertieFielToCraeteCantactTest" tests="1" failures="0" timestamp="2022-05-18T00:40:29 PDT" time="58.326" errors="0">
  <testcase name="getDataFromPropertieFielToCraeteCantactTest" time="58.326" classname="com.Vtiger.ContactsTest.GetDataFromPropertieFielToCraeteCantactTest"/>
  <system-out/>
</testsuite> <!-- com.Vtiger.ContactsTest.GetDataFromPropertieFielToCraeteCantactTest -->
