<?xml version="1.0" encoding="UTF-8"?>
<!-- Generated by org.testng.reporters.JUnitReportReporter -->
<testsuite skipped="0" hostname="DESKTOP-BC5ENC1" name="com.Vtiger.OrganitionTest.CreateOrganizationAndHandleDropDownTest" tests="1" failures="0" timestamp="2022-05-20T02:38:45 PDT" time="43.731" errors="0">
  <testcase name="createOrganizationAndHandleDropDownTest" time="43.731" classname="com.Vtiger.OrganitionTest.CreateOrganizationAndHandleDropDownTest"/>
  <system-out/>
</testsuite> <!-- com.Vtiger.OrganitionTest.CreateOrganizationAndHandleDropDownTest -->
