<?xml version="1.0" encoding="UTF-8"?>
<!-- Generated by org.testng.reporters.JUnitReportReporter -->
<testsuite skipped="0" hostname="DESKTOP-BC5ENC1" name="com.testCasesForContactsModuleTest.tc_15_Test" tests="1" failures="0" timestamp="2022-05-18T00:08:22 PDT" time="57.336" errors="0">
  <testcase name="tc_viger_15_Test" time="57.336" classname="com.testCasesForContactsModuleTest.tc_15_Test"/>
  <system-out/>
</testsuite> <!-- com.testCasesForContactsModuleTest.tc_15_Test -->
