<?xml version="1.0" encoding="UTF-8"?>
<!-- Generated by org.testng.reporters.JUnitReportReporter -->
<testsuite skipped="0" hostname="DESKTOP-BC5ENC1" name="com.testCasesForContactsModuleTest.Tc_13_deleteContactTest" tests="1" failures="0" timestamp="2022-05-18T22:11:08 PDT" time="131.067" errors="0">
  <testcase name="tc_vtiger_13_deletContactTest" time="131.067" classname="com.testCasesForContactsModuleTest.Tc_13_deleteContactTest"/>
  <system-out/>
</testsuite> <!-- com.testCasesForContactsModuleTest.Tc_13_deleteContactTest -->
