<?xml version="1.0" encoding="UTF-8"?>
<!-- Generated by org.testng.reporters.JUnitReportReporter -->
<testsuite skipped="0" hostname="DESKTOP-BC5ENC1" name="com.Vtiger.CampainsTest.CreateCampaignTest" tests="1" failures="0" timestamp="2022-05-20T02:38:45 PDT" time="45.672" errors="0">
  <testcase name="createCampaignTest" time="45.672" classname="com.Vtiger.CampainsTest.CreateCampaignTest"/>
  <system-out/>
</testsuite> <!-- com.Vtiger.CampainsTest.CreateCampaignTest -->
