<?xml version="1.0" encoding="UTF-8"?>
<!-- Generated by org.testng.reporters.JUnitReportReporter -->
<testsuite skipped="0" hostname="DESKTOP-BC5ENC1" name="com.testCasesForContactsModuleTest.tc_13_Test" tests="1" failures="0" timestamp="2022-05-18T00:08:22 PDT" time="42.986" errors="0">
  <testcase name="tc_vtiger_13_Test" time="42.986" classname="com.testCasesForContactsModuleTest.tc_13_Test"/>
  <system-out/>
</testsuite> <!-- com.testCasesForContactsModuleTest.tc_13_Test -->
