<?xml version="1.0" encoding="UTF-8"?>
<!-- Generated by org.testng.reporters.JUnitReportReporter -->
<testsuite skipped="0" hostname="DESKTOP-BC5ENC1" name="com.testCasesForContactsModuleTest.Tc_14_deleteContctTest" tests="1" failures="0" timestamp="2022-05-18T22:11:08 PDT" time="72.481" errors="0">
  <testcase name="tc_vtiger_14_deleteContactTest" time="72.481" classname="com.testCasesForContactsModuleTest.Tc_14_deleteContctTest"/>
  <system-out/>
</testsuite> <!-- com.testCasesForContactsModuleTest.Tc_14_deleteContctTest -->
